<?xml version="1.0" encoding="UTF-8"?>
<testsuite name="com.lyit.csd.tests.unit.PortfolioManager_withdrawFundsUTest" tests="2" skipped="0" failures="0" errors="0" timestamp="2022-04-14T10:33:49" hostname="DESKTOP-V9H3F9B" time="0.002">
  <properties/>
  <testcase name="withdrawFunds_InvalidTransaction" classname="com.lyit.csd.tests.unit.PortfolioManager_withdrawFundsUTest" time="0.0"/>
  <testcase name="withdrawFunds_ValidTransaction_SufficientBalanceForWithdrawal" classname="com.lyit.csd.tests.unit.PortfolioManager_withdrawFundsUTest" time="0.001"/>
  <system-out><![CDATA[]]></system-out>
  <system-err><![CDATA[]]></system-err>
</testsuite>
