<?xml version="1.0" encoding="UTF-8"?>
<testsuite name="com.lyit.csd.tests.unit.PortfolioManager_AddFundsUTest" tests="1" skipped="0" failures="0" errors="0" timestamp="2022-04-14T10:33:48" hostname="DESKTOP-V9H3F9B" time="0.064">
  <properties/>
  <testcase name="addFunds_ValidTransaction" classname="com.lyit.csd.tests.unit.PortfolioManager_AddFundsUTest" time="0.064"/>
  <system-out><![CDATA[]]></system-out>
  <system-err><![CDATA[]]></system-err>
</testsuite>
