<?xml version="1.0" encoding="UTF-8"?>
<testsuite name="com.lyit.csd.tests.unit.PortfolioManager_GetAssetInformationUTest" tests="2" skipped="0" failures="0" errors="0" timestamp="2022-04-14T10:33:48" hostname="DESKTOP-V9H3F9B" time="0.174">
  <properties/>
  <testcase name="getAssetInformation_ManySymbols_ReturnsData" classname="com.lyit.csd.tests.unit.PortfolioManager_GetAssetInformationUTest" time="0.17"/>
  <testcase name="getAssetInformation_NoSymbols_ReturnsEmptyList" classname="com.lyit.csd.tests.unit.PortfolioManager_GetAssetInformationUTest" time="0.004"/>
  <system-out><![CDATA[Skipping invalid symbol...
]]></system-out>
  <system-err><![CDATA[]]></system-err>
</testsuite>
